C:\Program Files\Microsoft Visual Studio\2022\Community\MSBuild\Microsoft\VC\v170\Microsoft.CppBuild.targets(496,5): warning MSB8003: The WindowsSDKDir property is not defined. Some build tools may not be found.
  Camera.cpp
C:\Users\An Dong PC\Documents\opengl\libs\glew\include\GL\glew.h(1205,14): fatal error C1083: Cannot open include file: 'GL/glu.h': No such file or directory
  DirectionalLight.cpp
C:\Users\An Dong PC\Documents\opengl\libs\glew\include\GL\glew.h(1205,14): fatal error C1083: Cannot open include file: 'GL/glu.h': No such file or directory
  Light.cpp
C:\Users\An Dong PC\Documents\opengl\libs\glew\include\GL\glew.h(1205,14): fatal error C1083: Cannot open include file: 'GL/glu.h': No such file or directory
  main.cpp
C:\Users\An Dong PC\Documents\opengl\OpenGLCourseApp\main.cpp(3,10): fatal error C1083: Cannot open include file: 'stdio.h': No such file or directory
  Material.cpp
C:\Users\An Dong PC\Documents\opengl\libs\glew\include\GL\glew.h(1205,14): fatal error C1083: Cannot open include file: 'GL/glu.h': No such file or directory
  Mesh.cpp
C:\Users\An Dong PC\Documents\opengl\libs\glew\include\GL\glew.h(1205,14): fatal error C1083: Cannot open include file: 'GL/glu.h': No such file or directory
  PointLight.cpp
C:\Users\An Dong PC\Documents\opengl\libs\glew\include\GL\glew.h(1205,14): fatal error C1083: Cannot open include file: 'GL/glu.h': No such file or directory
  Shader.cpp
C:\Users\An Dong PC\Documents\opengl\OpenGLCourseApp\Shader.h(3,10): fatal error C1083: Cannot open include file: 'stdio.h': No such file or directory
  SpotLight.cpp
C:\Users\An Dong PC\Documents\opengl\libs\glew\include\GL\glew.h(1205,14): fatal error C1083: Cannot open include file: 'GL/glu.h': No such file or directory
  Texture.cpp
C:\Users\An Dong PC\Documents\opengl\libs\glew\include\GL\glew.h(1205,14): fatal error C1083: Cannot open include file: 'GL/glu.h': No such file or directory
  Window.cpp
C:\Users\An Dong PC\Documents\opengl\OpenGLCourseApp\Window.h(3,10): fatal error C1083: Cannot open include file: 'stdio.h': No such file or directory
  Generating Code...
