e:\tmp\openglcourseapp\openglcourseapp\debug\vc143.pdb
e:\tmp\openglcourseapp\openglcourseapp\debug\vc143.idb
e:\tmp\openglcourseapp\openglcourseapp\debug\window.obj
e:\tmp\openglcourseapp\openglcourseapp\debug\texture.obj
e:\tmp\openglcourseapp\openglcourseapp\debug\spotlight.obj
e:\tmp\openglcourseapp\openglcourseapp\debug\shader.obj
e:\tmp\openglcourseapp\openglcourseapp\debug\pointlight.obj
e:\tmp\openglcourseapp\openglcourseapp\debug\mesh.obj
e:\tmp\openglcourseapp\openglcourseapp\debug\material.obj
e:\tmp\openglcourseapp\openglcourseapp\debug\main.obj
e:\tmp\openglcourseapp\openglcourseapp\debug\light.obj
e:\tmp\openglcourseapp\openglcourseapp\debug\directionallight.obj
e:\tmp\openglcourseapp\openglcourseapp\debug\camera.obj
e:\tmp\openglcourseapp\openglcourseapp\debug\openglcourseapp.ilk
e:\tmp\openglcourseapp\debug\openglcourseapp.exe
e:\tmp\openglcourseapp\debug\openglcourseapp.pdb
e:\tmp\openglcourseapp\openglcourseapp\debug\openglcourseapp.tlog\cl.command.1.tlog
e:\tmp\openglcourseapp\openglcourseapp\debug\openglcourseapp.tlog\cl.read.1.tlog
e:\tmp\openglcourseapp\openglcourseapp\debug\openglcourseapp.tlog\cl.write.1.tlog
e:\tmp\openglcourseapp\openglcourseapp\debug\openglcourseapp.tlog\link.command.1.tlog
e:\tmp\openglcourseapp\openglcourseapp\debug\openglcourseapp.tlog\link.read.1.tlog
e:\tmp\openglcourseapp\openglcourseapp\debug\openglcourseapp.tlog\link.write.1.tlog
